{"/Users/tobiashiru/Desktop/MajorHenry/loanapplication-api-v1/index.js": {"path":"/Users/tobiashiru/Desktop/MajorHenry/loanapplication-api-v1/index.js","statementMap":{"0":{"start":{"line":1,"column":16},"end":{"line":1,"column":34}},"1":{"start":{"line":2,"column":19},"end":{"line":2,"column":41}},"2":{"start":{"line":3,"column":13},"end":{"line":3,"column":28}},"3":{"start":{"line":4,"column":15},"end":{"line":4,"column":32}},"4":{"start":{"line":5,"column":15},"end":{"line":5,"column":32}},"5":{"start":{"line":6,"column":18},"end":{"line":6,"column":47}},"6":{"start":{"line":7,"column":14},"end":{"line":7,"column":36}},"7":{"start":{"line":8,"column":16},"end":{"line":8,"column":33}},"8":{"start":{"line":9,"column":13},"end":{"line":9,"column":37}},"9":{"start":{"line":10,"column":19},"end":{"line":10,"column":52}},"10":{"start":{"line":11,"column":23},"end":{"line":11,"column":60}},"11":{"start":{"line":12,"column":21},"end":{"line":12,"column":60}},"12":{"start":{"line":14,"column":0},"end":{"line":14,"column":16}},"13":{"start":{"line":16,"column":12},"end":{"line":16,"column":21}},"14":{"start":{"line":17,"column":13},"end":{"line":17,"column":37}},"15":{"start":{"line":20,"column":0},"end":{"line":20,"column":18}},"16":{"start":{"line":21,"column":0},"end":{"line":21,"column":16}},"17":{"start":{"line":22,"column":0},"end":{"line":22,"column":26}},"18":{"start":{"line":25,"column":16},"end":{"line":28,"column":2}},"19":{"start":{"line":29,"column":0},"end":{"line":29,"column":17}},"20":{"start":{"line":32,"column":0},"end":{"line":32,"column":27}},"21":{"start":{"line":33,"column":0},"end":{"line":33,"column":51}},"22":{"start":{"line":34,"column":0},"end":{"line":34,"column":24}},"23":{"start":{"line":37,"column":0},"end":{"line":37,"column":47}},"24":{"start":{"line":38,"column":0},"end":{"line":38,"column":42}},"25":{"start":{"line":42,"column":0},"end":{"line":42,"column":22}},"26":{"start":{"line":45,"column":0},"end":{"line":47,"column":3}},"27":{"start":{"line":46,"column":2},"end":{"line":46,"column":41}},"28":{"start":{"line":67,"column":0},"end":{"line":67,"column":21}}},"fnMap":{"0":{"name":"(anonymous_0)","decl":{"start":{"line":45,"column":19},"end":{"line":45,"column":20}},"loc":{"start":{"line":45,"column":33},"end":{"line":47,"column":1}},"line":45}},"branchMap":{"0":{"loc":{"start":{"line":17,"column":13},"end":{"line":17,"column":37}},"type":"binary-expr","locations":[{"start":{"line":17,"column":13},"end":{"line":17,"column":29}},{"start":{"line":17,"column":33},"end":{"line":17,"column":37}}],"line":17}},"s":{"0":2,"1":2,"2":2,"3":2,"4":2,"5":2,"6":2,"7":2,"8":2,"9":2,"10":2,"11":2,"12":2,"13":2,"14":2,"15":2,"16":2,"17":2,"18":2,"19":2,"20":2,"21":2,"22":2,"23":2,"24":2,"25":2,"26":2,"27":1,"28":2},"f":{"0":1},"b":{"0":[2,0]},"_coverageSchema":"1a1c01bbd47fc00a2c39e90264f33305004495a9","hash":"808ea5bb2e4fafd5a52e3da8ebe113dfcb12c6af"}
,"/Users/tobiashiru/Desktop/MajorHenry/loanapplication-api-v1/controllers/customerController.js": {"path":"/Users/tobiashiru/Desktop/MajorHenry/loanapplication-api-v1/controllers/customerController.js","statementMap":{"0":{"start":{"line":1,"column":13},"end":{"line":1,"column":29}},"1":{"start":{"line":2,"column":35},"end":{"line":2,"column":63}},"2":{"start":{"line":7,"column":0},"end":{"line":34,"column":2}},"3":{"start":{"line":14,"column":19},"end":{"line":14,"column":40}},"4":{"start":{"line":15,"column":4},"end":{"line":17,"column":5}},"5":{"start":{"line":16,"column":6},"end":{"line":16,"column":62}},"6":{"start":{"line":19,"column":28},"end":{"line":19,"column":36}},"7":{"start":{"line":21,"column":4},"end":{"line":32,"column":5}},"8":{"start":{"line":23,"column":21},"end":{"line":26,"column":7}},"9":{"start":{"line":28,"column":6},"end":{"line":28,"column":92}},"10":{"start":{"line":30,"column":6},"end":{"line":30,"column":63}},"11":{"start":{"line":31,"column":6},"end":{"line":31,"column":67}},"12":{"start":{"line":39,"column":0},"end":{"line":57,"column":2}},"13":{"start":{"line":40,"column":17},"end":{"line":40,"column":27}},"14":{"start":{"line":42,"column":2},"end":{"line":56,"column":3}},"15":{"start":{"line":43,"column":19},"end":{"line":46,"column":5}},"16":{"start":{"line":48,"column":4},"end":{"line":50,"column":5}},"17":{"start":{"line":49,"column":6},"end":{"line":49,"column":67}},"18":{"start":{"line":52,"column":4},"end":{"line":52,"column":41}},"19":{"start":{"line":54,"column":4},"end":{"line":54,"column":63}},"20":{"start":{"line":55,"column":4},"end":{"line":55,"column":64}}},"fnMap":{"0":{"name":"(anonymous_0)","decl":{"start":{"line":12,"column":2},"end":{"line":12,"column":3}},"loc":{"start":{"line":12,"column":22},"end":{"line":33,"column":3}},"line":12},"1":{"name":"(anonymous_1)","decl":{"start":{"line":39,"column":26},"end":{"line":39,"column":27}},"loc":{"start":{"line":39,"column":46},"end":{"line":57,"column":1}},"line":39}},"branchMap":{"0":{"loc":{"start":{"line":15,"column":4},"end":{"line":17,"column":5}},"type":"if","locations":[{"start":{"line":15,"column":4},"end":{"line":17,"column":5}},{"start":{},"end":{}}],"line":15},"1":{"loc":{"start":{"line":48,"column":4},"end":{"line":50,"column":5}},"type":"if","locations":[{"start":{"line":48,"column":4},"end":{"line":50,"column":5}},{"start":{},"end":{}}],"line":48}},"s":{"0":2,"1":2,"2":2,"3":0,"4":0,"5":0,"6":0,"7":0,"8":0,"9":0,"10":0,"11":0,"12":2,"13":0,"14":0,"15":0,"16":0,"17":0,"18":0,"19":0,"20":0},"f":{"0":0,"1":0},"b":{"0":[0,0],"1":[0,0]},"_coverageSchema":"1a1c01bbd47fc00a2c39e90264f33305004495a9","hash":"c9efa7a91e7d0769bb07bb0f6f557397c7219f75"}
,"/Users/tobiashiru/Desktop/MajorHenry/loanapplication-api-v1/controllers/loanController.js": {"path":"/Users/tobiashiru/Desktop/MajorHenry/loanapplication-api-v1/controllers/loanController.js","statementMap":{"0":{"start":{"line":1,"column":13},"end":{"line":1,"column":38}},"1":{"start":{"line":2,"column":38},"end":{"line":2,"column":75}},"2":{"start":{"line":5,"column":31},"end":{"line":58,"column":1}},"3":{"start":{"line":7,"column":19},"end":{"line":7,"column":39}},"4":{"start":{"line":8,"column":4},"end":{"line":57,"column":5}},"5":{"start":{"line":9,"column":8},"end":{"line":9,"column":36}},"6":{"start":{"line":11,"column":75},"end":{"line":11,"column":83}},"7":{"start":{"line":14,"column":8},"end":{"line":16,"column":9}},"8":{"start":{"line":15,"column":10},"end":{"line":15,"column":76}},"9":{"start":{"line":17,"column":8},"end":{"line":21,"column":9}},"10":{"start":{"line":18,"column":10},"end":{"line":20,"column":13}},"11":{"start":{"line":24,"column":34},"end":{"line":24,"column":102}},"12":{"start":{"line":27,"column":28},"end":{"line":32,"column":24}},"13":{"start":{"line":33,"column":20},"end":{"line":33,"column":30}},"14":{"start":{"line":34,"column":23},"end":{"line":41,"column":5}},"15":{"start":{"line":43,"column":19},"end":{"line":43,"column":58}},"16":{"start":{"line":44,"column":4},"end":{"line":44,"column":33}},"17":{"start":{"line":46,"column":4},"end":{"line":50,"column":7}},"18":{"start":{"line":52,"column":8},"end":{"line":52,"column":39}},"19":{"start":{"line":53,"column":8},"end":{"line":53,"column":91}},"20":{"start":{"line":54,"column":8},"end":{"line":54,"column":20}},"21":{"start":{"line":56,"column":8},"end":{"line":56,"column":25}},"22":{"start":{"line":64,"column":31},"end":{"line":114,"column":3}},"23":{"start":{"line":65,"column":4},"end":{"line":113,"column":5}},"24":{"start":{"line":66,"column":21},"end":{"line":66,"column":31}},"25":{"start":{"line":69,"column":20},"end":{"line":80,"column":7}},"26":{"start":{"line":82,"column":21},"end":{"line":82,"column":50}},"27":{"start":{"line":84,"column":6},"end":{"line":89,"column":7}},"28":{"start":{"line":85,"column":8},"end":{"line":88,"column":11}},"29":{"start":{"line":92,"column":22},"end":{"line":92,"column":36}},"30":{"start":{"line":93,"column":23},"end":{"line":105,"column":7}},"31":{"start":{"line":107,"column":6},"end":{"line":110,"column":9}},"32":{"start":{"line":112,"column":6},"end":{"line":112,"column":18}},"33":{"start":{"line":119,"column":33},"end":{"line":141,"column":3}},"34":{"start":{"line":120,"column":4},"end":{"line":140,"column":5}},"35":{"start":{"line":121,"column":20},"end":{"line":129,"column":7}},"36":{"start":{"line":131,"column":21},"end":{"line":131,"column":44}},"37":{"start":{"line":133,"column":6},"end":{"line":137,"column":9}},"38":{"start":{"line":139,"column":6},"end":{"line":139,"column":18}},"39":{"start":{"line":143,"column":2},"end":{"line":147,"column":4}}},"fnMap":{"0":{"name":"(anonymous_0)","decl":{"start":{"line":5,"column":31},"end":{"line":5,"column":32}},"loc":{"start":{"line":5,"column":57},"end":{"line":58,"column":1}},"line":5},"1":{"name":"(anonymous_1)","decl":{"start":{"line":64,"column":31},"end":{"line":64,"column":32}},"loc":{"start":{"line":64,"column":57},"end":{"line":114,"column":3}},"line":64},"2":{"name":"(anonymous_2)","decl":{"start":{"line":119,"column":33},"end":{"line":119,"column":34}},"loc":{"start":{"line":119,"column":59},"end":{"line":141,"column":3}},"line":119}},"branchMap":{"0":{"loc":{"start":{"line":14,"column":8},"end":{"line":16,"column":9}},"type":"if","locations":[{"start":{"line":14,"column":8},"end":{"line":16,"column":9}},{"start":{},"end":{}}],"line":14},"1":{"loc":{"start":{"line":14,"column":12},"end":{"line":14,"column":76}},"type":"binary-expr","locations":[{"start":{"line":14,"column":12},"end":{"line":14,"column":24}},{"start":{"line":14,"column":28},"end":{"line":14,"column":35}},{"start":{"line":14,"column":39},"end":{"line":14,"column":51}},{"start":{"line":14,"column":55},"end":{"line":14,"column":76}}],"line":14},"2":{"loc":{"start":{"line":17,"column":8},"end":{"line":21,"column":9}},"type":"if","locations":[{"start":{"line":17,"column":8},"end":{"line":21,"column":9}},{"start":{},"end":{}}],"line":17},"3":{"loc":{"start":{"line":17,"column":12},"end":{"line":17,"column":72}},"type":"binary-expr","locations":[{"start":{"line":17,"column":12},"end":{"line":17,"column":23}},{"start":{"line":17,"column":27},"end":{"line":17,"column":43}},{"start":{"line":17,"column":47},"end":{"line":17,"column":72}}],"line":17},"4":{"loc":{"start":{"line":84,"column":6},"end":{"line":89,"column":7}},"type":"if","locations":[{"start":{"line":84,"column":6},"end":{"line":89,"column":7}},{"start":{},"end":{}}],"line":84},"5":{"loc":{"start":{"line":84,"column":10},"end":{"line":84,"column":50}},"type":"binary-expr","locations":[{"start":{"line":84,"column":10},"end":{"line":84,"column":22}},{"start":{"line":84,"column":26},"end":{"line":84,"column":50}}],"line":84}},"s":{"0":2,"1":2,"2":2,"3":2,"4":2,"5":2,"6":2,"7":2,"8":0,"9":2,"10":1,"11":1,"12":1,"13":1,"14":1,"15":1,"16":1,"17":1,"18":0,"19":0,"20":0,"21":2,"22":2,"23":1,"24":1,"25":1,"26":1,"27":1,"28":0,"29":0,"30":0,"31":0,"32":1,"33":2,"34":0,"35":0,"36":0,"37":0,"38":0,"39":2},"f":{"0":2,"1":1,"2":0},"b":{"0":[0,2],"1":[2,2,2,2],"2":[1,1],"3":[2,1,1],"4":[0,0],"5":[1,0]},"_coverageSchema":"1a1c01bbd47fc00a2c39e90264f33305004495a9","hash":"10867a4dea05d4b317074bb718e9b40810a57e99"}
,"/Users/tobiashiru/Desktop/MajorHenry/loanapplication-api-v1/db/index.js": {"path":"/Users/tobiashiru/Desktop/MajorHenry/loanapplication-api-v1/db/index.js","statementMap":{"0":{"start":{"line":1,"column":17},"end":{"line":1,"column":30}},"1":{"start":{"line":2,"column":15},"end":{"line":2,"column":32}},"2":{"start":{"line":3,"column":0},"end":{"line":3,"column":16}},"3":{"start":{"line":6,"column":13},"end":{"line":14,"column":2}},"4":{"start":{"line":16,"column":0},"end":{"line":16,"column":22}}},"fnMap":{},"branchMap":{"0":{"loc":{"start":{"line":13,"column":9},"end":{"line":13,"column":86}},"type":"cond-expr","locations":[{"start":{"line":13,"column":49},"end":{"line":13,"column":78}},{"start":{"line":13,"column":81},"end":{"line":13,"column":86}}],"line":13}},"s":{"0":2,"1":2,"2":2,"3":2,"4":2},"f":{},"b":{"0":[0,2]},"_coverageSchema":"1a1c01bbd47fc00a2c39e90264f33305004495a9","hash":"88359bf8dd0741e03ff12bcd9a9bf4f7f9c7e226"}
,"/Users/tobiashiru/Desktop/MajorHenry/loanapplication-api-v1/middleware/errorHandler.js": {"path":"/Users/tobiashiru/Desktop/MajorHenry/loanapplication-api-v1/middleware/errorHandler.js","statementMap":{"0":{"start":{"line":2,"column":21},"end":{"line":31,"column":3}},"1":{"start":{"line":3,"column":4},"end":{"line":3,"column":29}},"2":{"start":{"line":6,"column":19},"end":{"line":6,"column":40}},"3":{"start":{"line":7,"column":20},"end":{"line":7,"column":58}},"4":{"start":{"line":10,"column":4},"end":{"line":16,"column":5}},"5":{"start":{"line":12,"column":6},"end":{"line":15,"column":9}},"6":{"start":{"line":18,"column":4},"end":{"line":24,"column":5}},"7":{"start":{"line":20,"column":6},"end":{"line":23,"column":9}},"8":{"start":{"line":27,"column":4},"end":{"line":30,"column":7}},"9":{"start":{"line":33,"column":2},"end":{"line":33,"column":32}}},"fnMap":{"0":{"name":"(anonymous_0)","decl":{"start":{"line":2,"column":21},"end":{"line":2,"column":22}},"loc":{"start":{"line":2,"column":46},"end":{"line":31,"column":3}},"line":2}},"branchMap":{"0":{"loc":{"start":{"line":6,"column":19},"end":{"line":6,"column":40}},"type":"binary-expr","locations":[{"start":{"line":6,"column":19},"end":{"line":6,"column":33}},{"start":{"line":6,"column":37},"end":{"line":6,"column":40}}],"line":6},"1":{"loc":{"start":{"line":7,"column":20},"end":{"line":7,"column":58}},"type":"binary-expr","locations":[{"start":{"line":7,"column":20},"end":{"line":7,"column":31}},{"start":{"line":7,"column":35},"end":{"line":7,"column":58}}],"line":7},"2":{"loc":{"start":{"line":10,"column":4},"end":{"line":16,"column":5}},"type":"if","locations":[{"start":{"line":10,"column":4},"end":{"line":16,"column":5}},{"start":{},"end":{}}],"line":10},"3":{"loc":{"start":{"line":18,"column":4},"end":{"line":24,"column":5}},"type":"if","locations":[{"start":{"line":18,"column":4},"end":{"line":24,"column":5}},{"start":{},"end":{}}],"line":18}},"s":{"0":2,"1":1,"2":1,"3":1,"4":1,"5":0,"6":1,"7":0,"8":1,"9":2},"f":{"0":1},"b":{"0":[1,1],"1":[1,0],"2":[0,1],"3":[0,1]},"_coverageSchema":"1a1c01bbd47fc00a2c39e90264f33305004495a9","hash":"7a92d1dba660f93fdec8f6232a1e75bef0c44dd1"}
,"/Users/tobiashiru/Desktop/MajorHenry/loanapplication-api-v1/middleware/validators.js": {"path":"/Users/tobiashiru/Desktop/MajorHenry/loanapplication-api-v1/middleware/validators.js","statementMap":{"0":{"start":{"line":1,"column":35},"end":{"line":1,"column":63}},"1":{"start":{"line":3,"column":22},"end":{"line":14,"column":1}},"2":{"start":{"line":8,"column":19},"end":{"line":8,"column":40}},"3":{"start":{"line":9,"column":4},"end":{"line":11,"column":5}},"4":{"start":{"line":10,"column":6},"end":{"line":10,"column":62}},"5":{"start":{"line":12,"column":4},"end":{"line":12,"column":11}},"6":{"start":{"line":16,"column":0},"end":{"line":16,"column":35}}},"fnMap":{"0":{"name":"(anonymous_0)","decl":{"start":{"line":7,"column":2},"end":{"line":7,"column":3}},"loc":{"start":{"line":7,"column":22},"end":{"line":13,"column":3}},"line":7}},"branchMap":{"0":{"loc":{"start":{"line":9,"column":4},"end":{"line":11,"column":5}},"type":"if","locations":[{"start":{"line":9,"column":4},"end":{"line":11,"column":5}},{"start":{},"end":{}}],"line":9}},"s":{"0":1,"1":1,"2":4,"3":4,"4":4,"5":0,"6":1},"f":{"0":4},"b":{"0":[4,0]},"_coverageSchema":"1a1c01bbd47fc00a2c39e90264f33305004495a9","hash":"e46fc81cf0c1994e1502f132f31b0392a369e6be"}
,"/Users/tobiashiru/Desktop/MajorHenry/loanapplication-api-v1/routes/customerRoutes.js": {"path":"/Users/tobiashiru/Desktop/MajorHenry/loanapplication-api-v1/routes/customerRoutes.js","statementMap":{"0":{"start":{"line":1,"column":16},"end":{"line":1,"column":34}},"1":{"start":{"line":2,"column":15},"end":{"line":2,"column":31}},"2":{"start":{"line":3,"column":27},"end":{"line":3,"column":71}},"3":{"start":{"line":7,"column":0},"end":{"line":7,"column":52}},"4":{"start":{"line":10,"column":0},"end":{"line":10,"column":55}},"5":{"start":{"line":15,"column":0},"end":{"line":15,"column":24}}},"fnMap":{},"branchMap":{},"s":{"0":2,"1":2,"2":2,"3":2,"4":2,"5":2},"f":{},"b":{},"_coverageSchema":"1a1c01bbd47fc00a2c39e90264f33305004495a9","hash":"3fd3cf805924e255de2f4a2d3b3856d2afe948b5"}
,"/Users/tobiashiru/Desktop/MajorHenry/loanapplication-api-v1/routes/loanRoutes.js": {"path":"/Users/tobiashiru/Desktop/MajorHenry/loanapplication-api-v1/routes/loanRoutes.js","statementMap":{"0":{"start":{"line":1,"column":16},"end":{"line":1,"column":34}},"1":{"start":{"line":2,"column":15},"end":{"line":2,"column":31}},"2":{"start":{"line":3,"column":23},"end":{"line":3,"column":63}},"3":{"start":{"line":7,"column":0},"end":{"line":7,"column":55}},"4":{"start":{"line":10,"column":0},"end":{"line":10,"column":58}},"5":{"start":{"line":13,"column":0},"end":{"line":13,"column":55}},"6":{"start":{"line":15,"column":0},"end":{"line":15,"column":24}}},"fnMap":{},"branchMap":{},"s":{"0":2,"1":2,"2":2,"3":2,"4":2,"5":2,"6":2},"f":{},"b":{},"_coverageSchema":"1a1c01bbd47fc00a2c39e90264f33305004495a9","hash":"4a540affa5f94ab84826a0c47617f7171d060cce"}
,"/Users/tobiashiru/Desktop/MajorHenry/loanapplication-api-v1/utils/loanCalculator.js": {"path":"/Users/tobiashiru/Desktop/MajorHenry/loanapplication-api-v1/utils/loanCalculator.js","statementMap":{"0":{"start":{"line":11,"column":18},"end":{"line":11,"column":35}},"1":{"start":{"line":13,"column":34},"end":{"line":27,"column":1}},"2":{"start":{"line":14,"column":4},"end":{"line":14,"column":89}},"3":{"start":{"line":14,"column":34},"end":{"line":14,"column":89}},"4":{"start":{"line":16,"column":32},"end":{"line":16,"column":61}},"5":{"start":{"line":20,"column":8},"end":{"line":21,"column":59}},"6":{"start":{"line":24,"column":19},"end":{"line":24,"column":58}},"7":{"start":{"line":25,"column":26},"end":{"line":25,"column":57}},"8":{"start":{"line":26,"column":4},"end":{"line":26,"column":25}},"9":{"start":{"line":29,"column":0},"end":{"line":29,"column":47}}},"fnMap":{"0":{"name":"(anonymous_0)","decl":{"start":{"line":13,"column":34},"end":{"line":13,"column":35}},"loc":{"start":{"line":13,"column":81},"end":{"line":27,"column":1}},"line":13}},"branchMap":{"0":{"loc":{"start":{"line":14,"column":4},"end":{"line":14,"column":89}},"type":"if","locations":[{"start":{"line":14,"column":4},"end":{"line":14,"column":89}},{"start":{},"end":{}}],"line":14}},"s":{"0":3,"1":3,"2":6,"3":1,"4":5,"5":5,"6":5,"7":5,"8":5,"9":3},"f":{"0":6},"b":{"0":[1,5]},"_coverageSchema":"1a1c01bbd47fc00a2c39e90264f33305004495a9","hash":"e3918e3c99b1f5cab2a83cf42ea94bbb6be5205b"}
}
