TN:
SF:index.js
FN:45,(anonymous_0)
FNF:1
FNH:1
FNDA:1,(anonymous_0)
DA:1,2
DA:2,2
DA:3,2
DA:4,2
DA:5,2
DA:6,2
DA:7,2
DA:8,2
DA:9,2
DA:10,2
DA:11,2
DA:12,2
DA:14,2
DA:16,2
DA:17,2
DA:20,2
DA:21,2
DA:22,2
DA:25,2
DA:29,2
DA:32,2
DA:33,2
DA:34,2
DA:37,2
DA:38,2
DA:42,2
DA:45,2
DA:46,1
DA:67,2
LF:29
LH:29
BRDA:17,0,0,2
BRDA:17,0,1,0
BRF:2
BRH:1
end_of_record
TN:
SF:controllers/customerController.js
FN:12,(anonymous_0)
FN:39,(anonymous_1)
FNF:2
FNH:0
FNDA:0,(anonymous_0)
FNDA:0,(anonymous_1)
DA:1,2
DA:2,2
DA:7,2
DA:14,0
DA:15,0
DA:16,0
DA:19,0
DA:21,0
DA:23,0
DA:28,0
DA:30,0
DA:31,0
DA:39,2
DA:40,0
DA:42,0
DA:43,0
DA:48,0
DA:49,0
DA:52,0
DA:54,0
DA:55,0
LF:21
LH:4
BRDA:15,0,0,0
BRDA:15,0,1,0
BRDA:48,1,0,0
BRDA:48,1,1,0
BRF:4
BRH:0
end_of_record
TN:
SF:controllers/loanController.js
FN:5,(anonymous_0)
FN:64,(anonymous_1)
FN:119,(anonymous_2)
FNF:3
FNH:2
FNDA:2,(anonymous_0)
FNDA:1,(anonymous_1)
FNDA:0,(anonymous_2)
DA:1,2
DA:2,2
DA:5,2
DA:7,2
DA:8,2
DA:9,2
DA:11,2
DA:14,2
DA:15,0
DA:17,2
DA:18,1
DA:24,1
DA:27,1
DA:33,1
DA:34,1
DA:43,1
DA:44,1
DA:46,1
DA:52,0
DA:53,0
DA:54,0
DA:56,2
DA:64,2
DA:65,1
DA:66,1
DA:69,1
DA:82,1
DA:84,1
DA:85,0
DA:92,0
DA:93,0
DA:107,0
DA:112,1
DA:119,2
DA:120,0
DA:121,0
DA:131,0
DA:133,0
DA:139,0
DA:143,2
LF:40
LH:27
BRDA:14,0,0,0
BRDA:14,0,1,2
BRDA:14,1,0,2
BRDA:14,1,1,2
BRDA:14,1,2,2
BRDA:14,1,3,2
BRDA:17,2,0,1
BRDA:17,2,1,1
BRDA:17,3,0,2
BRDA:17,3,1,1
BRDA:17,3,2,1
BRDA:84,4,0,0
BRDA:84,4,1,0
BRDA:84,5,0,1
BRDA:84,5,1,0
BRF:15
BRH:11
end_of_record
TN:
SF:db/index.js
FNF:0
FNH:0
DA:1,2
DA:2,2
DA:3,2
DA:6,2
DA:16,2
LF:5
LH:5
BRDA:13,0,0,0
BRDA:13,0,1,2
BRF:2
BRH:1
end_of_record
TN:
SF:middleware/errorHandler.js
FN:2,(anonymous_0)
FNF:1
FNH:1
FNDA:1,(anonymous_0)
DA:2,2
DA:3,1
DA:6,1
DA:7,1
DA:10,1
DA:12,0
DA:18,1
DA:20,0
DA:27,1
DA:33,2
LF:10
LH:8
BRDA:6,0,0,1
BRDA:6,0,1,1
BRDA:7,1,0,1
BRDA:7,1,1,0
BRDA:10,2,0,0
BRDA:10,2,1,1
BRDA:18,3,0,0
BRDA:18,3,1,1
BRF:8
BRH:5
end_of_record
TN:
SF:middleware/validators.js
FN:7,(anonymous_0)
FNF:1
FNH:1
FNDA:4,(anonymous_0)
DA:1,1
DA:3,1
DA:8,4
DA:9,4
DA:10,4
DA:12,0
DA:16,1
LF:7
LH:6
BRDA:9,0,0,4
BRDA:9,0,1,0
BRF:2
BRH:1
end_of_record
TN:
SF:routes/customerRoutes.js
FNF:0
FNH:0
DA:1,2
DA:2,2
DA:3,2
DA:7,2
DA:10,2
DA:15,2
LF:6
LH:6
BRF:0
BRH:0
end_of_record
TN:
SF:routes/loanRoutes.js
FNF:0
FNH:0
DA:1,2
DA:2,2
DA:3,2
DA:7,2
DA:10,2
DA:13,2
DA:15,2
LF:7
LH:7
BRF:0
BRH:0
end_of_record
TN:
SF:utils/loanCalculator.js
FN:13,(anonymous_0)
FNF:1
FNH:1
FNDA:6,(anonymous_0)
DA:11,3
DA:13,3
DA:14,6
DA:16,5
DA:20,5
DA:24,5
DA:25,5
DA:26,5
DA:29,3
LF:9
LH:9
BRDA:14,0,0,1
BRDA:14,0,1,5
BRF:2
BRH:2
end_of_record
